<?xml version="1.0" encoding="UTF-8"?>
<!-- Generated by org.testng.reporters.JUnitReportReporter -->
<testsuite hostname="ANWESH" failures="0" tests="1" name="org.seleniumAutomation.RegisterTest" time="4.615" errors="0" timestamp="2025-08-03T23:21:24 IST" skipped="0">
  <testcase classname="org.seleniumAutomation.RegisterTest" name="verifyWarningMessageDisplayed" time="4.615"/>
</testsuite> <!-- org.seleniumAutomation.RegisterTest -->
